<?xml version="1.0" encoding="UTF-8"?>
<testsuite xmlns:xsi="http://www.w3.org/2001/XMLSchema-instance" xsi:noNamespaceSchemaLocation="https://maven.apache.org/surefire/maven-surefire-plugin/xsd/surefire-test-report.xsd" version="3.0.2" name="server.model.AuctionTest" time="0.106" tests="8" errors="0" skipped="0" failures="0">
  <properties>
[...]
</properties>
  <testcase name="testAntiSniping_DatGiaNgoaiPhutCuoi_KhongGiaHan" classname="server.model.AuctionTest" time="0.069"/>
  <testcase name="testKetThucPhien_KhongCoGiaDat_TrangThaiCanceled" classname="server.model.AuctionTest" time="0.002"/>
  <testcase name="testKetThucPhien_GiaDatSan_TrangThaiFinished" classname="server.model.AuctionTest" time="0.002"/>
  <testcase name="testKetThucPhien_GiaDuoiSan_TrangThaiCanceled" classname="server.model.AuctionTest" time="0.002"/>
  <testcase name="testAntiSniping_DatGiaTrongPhutCuoi_GiaHanThoiGian" classname="server.model.AuctionTest" time="0.003">
    <system-out><![CDATA[[Anti-snipe] Auction 5dabfbb3 extended by 60s. New endTime: 2026-05-22T19:55:28.900151700
]]></system-out>
  </testcase>
  <testcase name="testStartRunning_KhiDaRunning_ThatBai" classname="server.model.AuctionTest" time="0.003"/>
  <testcase name="testPhienMoi_TrangThaiOpen" classname="server.model.AuctionTest" time="0.002"/>
  <testcase name="testStartRunning_ChuyenTrangThaiThanhRunning" classname="server.model.AuctionTest" time="0.002"/>
</testsuite>